# JRE version: Java(TM) SE Runtime Environment (8.0_131-b11) (build 1.8.0_131-b11)
# Java VM: Java HotSpot(TM) 64-Bit Server VM (25.131-b11 mixed mode windows-amd64 compressed oops)
Heap:
 PSYoungGen      total 574464K, used 571410K [0x000000076b780000, 0x0000000791280000, 0x00000007c0000000)
  eden space 552960K, 99% used [0x000000076b780000,0x000000078d0a0340,0x000000078d380000)
  from space 21504K, 99% used [0x000000078fd80000,0x0000000791264630,0x0000000791280000)
  to   space 27136K, 0% used [0x000000078dd80000,0x000000078dd80000,0x000000078f800000)
 ParOldGen       total 152576K, used 37828K [0x00000006c2600000, 0x00000006cbb00000, 0x000000076b780000)
  object space 152576K, 24% used [0x00000006c2600000,0x00000006c4af1340,0x00000006cbb00000)
 Metaspace       used 74421K, capacity 77960K, committed 78256K, reserved 1118208K
  class space    used 9727K, capacity 10340K, committed 10416K, reserved 1048576K
GC Heap History (10 events):
Event: 6.205 GC heap before
{Heap before GC invocations=9 (full 2):
 PSYoungGen      total 251392K, used 10645K [0x000000076b780000, 0x0000000787280000, 0x00000007c0000000)
  eden space 235520K, 0% used [0x000000076b780000,0x000000076b780000,0x0000000779d80000)
  from space 15872K, 67% used [0x0000000779d80000,0x000000077a7e5748,0x000000077ad00000)
  to   space 15872K, 0% used [0x0000000786300000,0x0000000786300000,0x0000000787280000)
 ParOldGen       total 78848K, used 7807K [0x00000006c2600000, 0x00000006c7300000, 0x000000076b780000)
  object space 78848K, 9% used [0x00000006c2600000,0x00000006c2d9fe80,0x00000006c7300000)
 Metaspace       used 34643K, capacity 35872K, committed 36016K, reserved 1081344K
  class space    used 4469K, capacity 4733K, committed 4784K, reserved 1048576K
Event: 6.274 GC heap after
Heap after GC invocations=9 (full 2):
 PSYoungGen      total 251392K, used 0K [0x000000076b780000, 0x0000000787280000, 0x00000007c0000000)
  eden space 235520K, 0% used [0x000000076b780000,0x000000076b780000,0x0000000779d80000)
  from space 15872K, 0% used [0x0000000779d80000,0x0000000779d80000,0x000000077ad00000)
  to   space 15872K, 0% used [0x0000000786300000,0x0000000786300000,0x0000000787280000)
 ParOldGen       total 107008K, used 15382K [0x00000006c2600000, 0x00000006c8e80000, 0x000000076b780000)
  object space 107008K, 14% used [0x00000006c2600000,0x00000006c3505b00,0x00000006c8e80000)
 Metaspace       used 34643K, capacity 35872K, committed 36016K, reserved 1081344K
  class space    used 4469K, capacity 4733K, committed 4784K, reserved 1048576K
}
Event: 10.784 GC heap before
{Heap before GC invocations=10 (full 2):
 PSYoungGen      total 251392K, used 235520K [0x000000076b780000, 0x0000000787280000, 0x00000007c0000000)
  eden space 235520K, 100% used [0x000000076b780000,0x0000000779d80000,0x0000000779d80000)
  from space 15872K, 0% used [0x0000000779d80000,0x0000000779d80000,0x000000077ad00000)
  to   space 15872K, 0% used [0x0000000786300000,0x0000000786300000,0x0000000787280000)
 ParOldGen       total 107008K, used 15382K [0x00000006c2600000, 0x00000006c8e80000, 0x000000076b780000)
  object space 107008K, 14% used [0x00000006c2600000,0x00000006c3505b00,0x00000006c8e80000)
 Metaspace       used 47380K, capacity 49300K, committed 49584K, reserved 1091584K
  class space    used 6102K, capacity 6455K, committed 6576K, reserved 1048576K
Event: 10.805 GC heap after
Heap after GC invocations=10 (full 2):
 PSYoungGen      total 421888K, used 15843K [0x000000076b780000, 0x0000000787280000, 0x00000007c0000000)
  eden space 406016K, 0% used [0x000000076b780000,0x000000076b780000,0x0000000784400000)
  from space 15872K, 99% used [0x0000000786300000,0x0000000787278fe0,0x0000000787280000)
  to   space 20480K, 0% used [0x0000000784a80000,0x0000000784a80000,0x0000000785e80000)
 ParOldGen       total 107008K, used 21457K [0x00000006c2600000, 0x00000006c8e80000, 0x000000076b780000)
  object space 107008K, 20% used [0x00000006c2600000,0x00000006c3af4760,0x00000006c8e80000)
 Metaspace       used 47380K, capacity 49300K, committed 49584K, reserved 1091584K
  class space    used 6102K, capacity 6455K, committed 6576K, reserved 1048576K
}
Event: 14.850 GC heap before
{Heap before GC invocations=11 (full 2):
 PSYoungGen      total 421888K, used 229421K [0x000000076b780000, 0x0000000787280000, 0x00000007c0000000)
  eden space 406016K, 52% used [0x000000076b780000,0x0000000778812680,0x0000000784400000)
  from space 15872K, 99% used [0x0000000786300000,0x0000000787278fe0,0x0000000787280000)
  to   space 20480K, 0% used [0x0000000784a80000,0x0000000784a80000,0x0000000785e80000)
 ParOldGen       total 107008K, used 21457K [0x00000006c2600000, 0x00000006c8e80000, 0x000000076b780000)
  object space 107008K, 20% used [0x00000006c2600000,0x00000006c3af4760,0x00000006c8e80000)
 Metaspace       used 57433K, capacity 59894K, committed 60028K, reserved 1101824K
  class space    used 7701K, capacity 8149K, committed 8240K, reserved 1048576K
Event: 14.887 GC heap after
Heap after GC invocations=11 (full 2):
 PSYoungGen      total 433152K, used 20455K [0x000000076b780000, 0x0000000791600000, 0x00000007c0000000)
  eden space 412672K, 0% used [0x000000076b780000,0x000000076b780000,0x0000000784a80000)
  from space 20480K, 99% used [0x0000000784a80000,0x0000000785e79f08,0x0000000785e80000)
  to   space 25088K, 0% used [0x000000078fd80000,0x000000078fd80000,0x0000000791600000)
 ParOldGen       total 107008K, used 25146K [0x00000006c2600000, 0x00000006c8e80000, 0x000000076b780000)
  object space 107008K, 23% used [0x00000006c2600000,0x00000006c3e8e860,0x00000006c8e80000)
 Metaspace       used 57433K, capacity 59894K, committed 60028K, reserved 1101824K
  class space    used 7701K, capacity 8149K, committed 8240K, reserved 1048576K
}
Event: 14.887 GC heap before
{Heap before GC invocations=12 (full 3):
 PSYoungGen      total 433152K, used 20455K [0x000000076b780000, 0x0000000791600000, 0x00000007c0000000)
  eden space 412672K, 0% used [0x000000076b780000,0x000000076b780000,0x0000000784a80000)
  from space 20480K, 99% used [0x0000000784a80000,0x0000000785e79f08,0x0000000785e80000)
  to   space 25088K, 0% used [0x000000078fd80000,0x000000078fd80000,0x0000000791600000)
 ParOldGen       total 107008K, used 25146K [0x00000006c2600000, 0x00000006c8e80000, 0x000000076b780000)
  object space 107008K, 23% used [0x00000006c2600000,0x00000006c3e8e860,0x00000006c8e80000)
 Metaspace       used 57433K, capacity 59894K, committed 60028K, reserved 1101824K
  class space    used 7701K, capacity 8149K, committed 8240K, reserved 1048576K
Event: 15.127 GC heap after
Heap after GC invocations=12 (full 3):
 PSYoungGen      total 433152K, used 0K [0x000000076b780000, 0x0000000791600000, 0x00000007c0000000)
  eden space 412672K, 0% used [0x000000076b780000,0x000000076b780000,0x0000000784a80000)
  from space 20480K, 0% used [0x0000000784a80000,0x0000000784a80000,0x0000000785e80000)
  to   space 25088K, 0% used [0x000000078fd80000,0x000000078fd80000,0x0000000791600000)
 ParOldGen       total 152576K, used 37820K [0x00000006c2600000, 0x00000006cbb00000, 0x000000076b780000)
  object space 152576K, 24% used [0x00000006c2600000,0x00000006c4aef340,0x00000006cbb00000)
 Metaspace       used 57433K, capacity 59894K, committed 60028K, reserved 1101824K
  class space    used 7701K, capacity 8149K, committed 8240K, reserved 1048576K
}
Event: 4325.453 GC heap before
{Heap before GC invocations=13 (full 3):
 PSYoungGen      total 433152K, used 412672K [0x000000076b780000, 0x0000000791600000, 0x00000007c0000000)
  eden space 412672K, 100% used [0x000000076b780000,0x0000000784a80000,0x0000000784a80000)
  from space 20480K, 0% used [0x0000000784a80000,0x0000000784a80000,0x0000000785e80000)
  to   space 25088K, 0% used [0x000000078fd80000,0x000000078fd80000,0x0000000791600000)
 ParOldGen       total 152576K, used 37820K [0x00000006c2600000, 0x00000006cbb00000, 0x000000076b780000)
  object space 152576K, 24% used [0x00000006c2600000,0x00000006c4aef340,0x00000006cbb00000)
 Metaspace       used 73070K, capacity 76660K, committed 76976K, reserved 1116160K
  class space    used 9724K, capacity 10338K, committed 10416K, reserved 1048576K
Event: 4325.474 GC heap after
Heap after GC invocations=13 (full 3):
 PSYoungGen      total 574464K, used 21393K [0x000000076b780000, 0x0000000791280000, 0x00000007c0000000)
  eden space 552960K, 0% used [0x000000076b780000,0x000000076b780000,0x000000078d380000)
  from space 21504K, 99% used [0x000000078fd80000,0x0000000791264630,0x0000000791280000)
  to   space 27136K, 0% used [0x000000078dd80000,0x000000078dd80000,0x000000078f800000)
 ParOldGen       total 152576K, used 37828K [0x00000006c2600000, 0x00000006cbb00000, 0x000000076b780000)
  object space 152576K, 24% used [0x00000006c2600000,0x00000006c4af1340,0x00000006cbb00000)
 Metaspace       used 73070K, capacity 76660K, committed 76976K, reserved 1116160K
  class space    used 9724K, capacity 10338K, committed 10416K, reserved 1048576K
}

